<?xml version="1.0" encoding="UTF-8"?>
<!-- Generated by org.testng.reporters.JUnitReportReporter -->
<testsuite hostname="Trung-PC" failures="0" tests="3" name="TC01" time="0.133" errors="0" timestamp="12 Mar 2022 14:39:45 GMT" skipped="0">
  <testcase classname="TC01" name="TC_01_ValidateCurrentUrl" time="0.022"/>
  <testcase classname="TC01" name="TC_02_ValidatePageTitle" time="0.012"/>
  <testcase classname="TC01" name="TC_03_LoginFormDisplayed" time="0.099"/>
</testsuite> <!-- TC01 -->
