<?xml version="1.0" encoding="UTF-8"?>
<!-- Generated by org.testng.reporters.JUnitReportReporter -->
<testsuite hostname="VN-PC-056" failures="0" tests="6" name="Register" time="3.932" errors="0" timestamp="19 Mar 2022 18:28:20 GMT" skipped="0">
  <testcase classname="Register" name="TC05_Register_with_password_do_not_match" time="0.712"/>
  <testcase classname="Register" name="TC02_Register_with_invalid_email" time="0.818"/>
  <testcase classname="Register" name="TC06_Register_with_invalid_phone_number" time="0.768"/>
  <testcase classname="Register" name="TC04_Register_with_password_lower_than_6_characters" time="0.705"/>
  <testcase classname="Register" name="TC01_Register_with_empty_data" time="0.241"/>
  <testcase classname="Register" name="TC03_Register_with_invalid_confirm_email" time="0.688"/>
</testsuite> <!-- Register -->
