<?xml version="1.0" encoding="UTF-8"?>
<!-- Generated by org.testng.reporters.JUnitReportReporter -->
<testsuite hostname="VN-PC-056" failures="0" tests="6" name="Exercise_Topic_04_05_Xpath_CSS.Register" time="4.085" errors="0" timestamp="19 Mar 2022 18:33:39 GMT" skipped="0">
  <testcase classname="Exercise_Topic_04_05_Xpath_CSS.Register" name="TC04_Register_with_password_lower_than_6_characters" time="0.836"/>
  <testcase classname="Exercise_Topic_04_05_Xpath_CSS.Register" name="TC01_Register_with_empty_data" time="0.218"/>
  <testcase classname="Exercise_Topic_04_05_Xpath_CSS.Register" name="TC03_Register_with_invalid_confirm_email" time="0.728"/>
  <testcase classname="Exercise_Topic_04_05_Xpath_CSS.Register" name="TC02_Register_with_invalid_email" time="0.839"/>
  <testcase classname="Exercise_Topic_04_05_Xpath_CSS.Register" name="TC05_Register_with_password_do_not_match" time="0.728"/>
  <testcase classname="Exercise_Topic_04_05_Xpath_CSS.Register" name="TC06_Register_with_invalid_phone_number" time="0.736"/>
</testsuite> <!-- Exercise_Topic_04_05_Xpath_CSS.Register -->
