<?xml version="1.0" encoding="UTF-8"?>
<!-- Generated by org.testng.reporters.JUnitReportReporter -->
<testsuite hostname="VN-PC-056" failures="0" tests="1" name="Exercise_Topic_04_05_Xpath_CSS.Login" time="7.714" errors="0" timestamp="19 Mar 2022 19:19:09 GMT" skipped="0">
  <testcase classname="Exercise_Topic_04_05_Xpath_CSS.Login" name="TC04_Login_with_incorrect_email_and_incorrect_password" time="7.714"/>
</testsuite> <!-- Exercise_Topic_04_05_Xpath_CSS.Login -->
